This is XeTeX, Version 3.141592653-2.6-0.999995 (TeX Live 2023) (preloaded format=xelatex 2023.7.14)  23 JUL 2025 10:41
entering extended mode
 restricted \write18 enabled.
 file:line:error style messages enabled.
 %&-line parsing enabled.
**"/Users/xutaiyang/Library/Mobile Documents/com~apple~CloudDocs/Documents/Taiyang_Certifications, WEB and CV/taiyangxu.github.io/taiyangxu.github.io (Personal Website and CV)/CV_Taiyang/CV_Taiyang"

! Emergency stop.
<to be read again> 
                   \protect 
<*> ...ers/xutaiyang/Library/Mobile Documents/com~
                                                  apple~CloudDocs/Documents/...
*** (job aborted, file error in nonstop mode)

 
Here is how much of TeX's memory you used:
 3 strings out of 476683
 55 string characters out of 5804047
 1842018 words of memory out of 5000000
 20352 multiletter control sequences out of 15000+600000
 512287 words of font info for 32 fonts, out of 8000000 for 9000
 1348 hyphenation exceptions out of 8191
 3i,0n,0p,1b,6s stack positions out of 10000i,1000n,20000p,200000b,200000s
No pages of output.
